<?xml version="1.0" encoding="UTF-8"?>
<testsuite xmlns:xsi="http://www.w3.org/2001/XMLSchema-instance" xsi:noNamespaceSchemaLocation="https://maven.apache.org/surefire/maven-surefire-plugin/xsd/surefire-test-report.xsd" name="TestSuite" time="255.455" tests="5" errors="0" skipped="0" failures="1">
  <properties>
[...]
</properties>
  <testcase name="InvalidLogin" classname="testCase.LoginTest" time="3.818"/>
  <testcase name="loginTest" classname="testCase.LoginTest" time="3.572"/>
  <testcase name="redirectToResetPasswordPageLinkPresent" classname="testCase.LoginTest" time="0.028"/>
  <testcase name="navigateResetPasswordPage" classname="testCase.LoginTest" time="3.132"/>
  <testcase name="cancelButton" classname="testCase.LoginTest" time="10.373">
    <failure message="Expected condition failed: waiting for presence of element located by: By.className: orangehrm-forgot-password-button--cancel (tried for 10 second(s) with 500 milliseconds interval)" type="org.openqa.selenium.TimeoutException">org.openqa.selenium.TimeoutException: Expected condition failed: waiting for presence of element located by: By.className: orangehrm-forgot-password-button--cancel (tried for 10 second(s) with 500 milliseconds interval)
	at testCase.LoginTest.cancelButton(LoginTest.java:130)
Caused by: org.openqa.selenium.NoSuchElementException: 
no such element: Unable to locate element: {"method":"css selector","selector":".orangehrm\-forgot\-password\-button\-\-cancel"}
  (Session info: chrome=110.0.5481.105)
For documentation on this error, please visit: https://www.seleniumhq.org/exceptions/no_such_element.html
Build info: version: '3.141.59', revision: 'e82be7d358', time: '2018-11-14T08:17:03'
System info: host: 'PRAVASH', ip: '192.168.43.106', os.name: 'Windows 11', os.arch: 'amd64', os.version: '10.0', java.version: '1.8.0_341'
Driver info: org.openqa.selenium.chrome.ChromeDriver
Capabilities {acceptInsecureCerts: false, browserName: chrome, browserVersion: 110.0.5481.105, chrome: {chromedriverVersion: 110.0.5481.77 (65ed616c6e8e..., userDataDir: C:\Users\PRAVAS~1\AppData\L...}, goog:chromeOptions: {debuggerAddress: localhost:61409}, javascriptEnabled: true, networkConnectionEnabled: false, pageLoadStrategy: normal, platform: WINDOWS, platformName: WINDOWS, proxy: Proxy(), setWindowRect: true, strictFileInteractability: false, timeouts: {implicit: 0, pageLoad: 300000, script: 30000}, unhandledPromptBehavior: dismiss and notify, webauthn:extension:credBlob: true, webauthn:extension:largeBlob: true, webauthn:virtualAuthenticators: true}
Session ID: 74a163ea7e5f8b506bac235e2b41d8cd
*** Element info: {Using=class name, value=orangehrm-forgot-password-button--cancel}
	at testCase.LoginTest.cancelButton(LoginTest.java:130)
</failure>
    <system-out><![CDATA[onTestSuccess
02-25-2023 11:32:59 TestBase.java INFO  [main] testbase.TestBase 47 - -------Execution started for TestcasecancelButton-----
02-25-2023 11:32:59 DriverFactory.java INFO  [main] driverFactory.DriverFactory 21 - inside init_driver, browser : chrome
02-25-2023 11:33:01 DriverFactory.java INFO  [main] driverFactory.DriverFactory 28 - chrome driver initialized
OnTestStart
]]></system-out>
    <system-err><![CDATA[Starting ChromeDriver 110.0.5481.77 (65ed616c6e8ee3fe0ad64fe83796c020644d42af-refs/branch-heads/5481@{#839}) on port 35351
Only local connections are allowed.
Please see https://chromedriver.chromium.org/security-considerations for suggestions on keeping ChromeDriver safe.
ChromeDriver was started successfully.
[1677304981.698][WARNING]: virtual void DevToolsClientImpl::AddListener(DevToolsEventListener *) subscribing a listener to the already connected DevToolsClient. Connection notification will not arrive.
Feb 25, 2023 11:33:01 AM org.openqa.selenium.remote.ProtocolHandshake createSession
INFO: Detected dialect: W3C
]]></system-err>
  </testcase>
</testsuite>